
/home/runner/work/exp-rotating-unbalance-nitk/exp-rotating-unbalance-nitk/experiment/simulation/js/Input.js
   1:7   warning  'NumberInput' is defined but never used  no-unused-vars
  20:21  warning  'createInput' is not defined             no-undef
  32:23  warning  'createSlider' is not defined            no-undef
  55:7   warning  'clearGraphs' is not defined             no-undef
  64:9   warning  'clearGraphs' is not defined             no-undef
  70:5   warning  'push' is not defined                    no-undef
  72:5   warning  'fill' is not defined                    no-undef
  73:5   warning  'strokeWeight' is not defined            no-undef
  74:5   warning  'textFont' is not defined                no-undef
  75:5   warning  'textSize' is not defined                no-undef
  76:5   warning  'text' is not defined                    no-undef
  78:5   warning  'pop' is not defined                     no-undef

/home/runner/work/exp-rotating-unbalance-nitk/exp-rotating-unbalance-nitk/experiment/simulation/js/buttonIcon.js
   1:7  warning  'Button' is defined but never used  no-unused-vars
  18:9  warning  'image' is not defined              no-undef

/home/runner/work/exp-rotating-unbalance-nitk/exp-rotating-unbalance-nitk/experiment/simulation/js/dynamic_graphs.js
   1:7   warning  'DynamicGraph' is defined but never used  no-unused-vars
  23:25  warning  'map' is not defined                      no-undef
  24:21  warning  'map' is not defined                      no-undef
  24:46  warning  'spring1' is not defined                  no-undef
  27:23  warning  'random' is not defined                   no-undef
  27:36  warning  'random' is not defined                   no-undef
  27:49  warning  'random' is not defined                   no-undef
  33:9   warning  'push' is not defined                     no-undef
  35:9   warning  'stroke' is not defined                   no-undef
  36:9   warning  'strokeWeight' is not defined             no-undef
  37:9   warning  'line' is not defined                     no-undef
  38:9   warning  'line' is not defined                     no-undef
  40:9   warning  'strokeWeight' is not defined             no-undef
  41:9   warning  'fill' is not defined                     no-undef
  42:9   warning  'textSize' is not defined                 no-undef
  43:9   warning  'text' is not defined                     no-undef
  44:9   warning  'translate' is not defined                no-undef
  45:9   warning  'rotate' is not defined                   no-undef
  45:16  warning  'radians' is not defined                  no-undef
  46:9   warning  'text' is not defined                     no-undef
  48:9   warning  'pop' is not defined                      no-undef
  51:9   warning  'push' is not defined                     no-undef
  54:13  warning  'beginShape' is not defined               no-undef
  55:13  warning  'stroke' is not defined                   no-undef
  56:13  warning  'strokeWeight' is not defined             no-undef
  57:13  warning  'noFill' is not defined                   no-undef
  59:17  warning  'vertex' is not defined                   no-undef
  61:13  warning  'endShape' is not defined                 no-undef
  64:9   warning  'beginShape' is not defined               no-undef
  65:9   warning  'stroke' is not defined                   no-undef
  68:9   warning  'strokeWeight' is not defined             no-undef
  69:9   warning  'noFill' is not defined                   no-undef
  71:13  warning  'vertex' is not defined                   no-undef
  73:9   warning  'endShape' is not defined                 no-undef
  75:9   warning  'pop' is not defined                      no-undef

/home/runner/work/exp-rotating-unbalance-nitk/exp-rotating-unbalance-nitk/experiment/simulation/js/event_handling.js
   1:10  warning  'handleEvents' is defined but never used  no-unused-vars
   3:7   warning  'button1' is not defined                  no-undef
   3:18  warning  'mouseX' is not defined                   no-undef
   3:26  warning  'mouseY' is not defined                   no-undef
   3:37  warning  'page1' is not defined                    no-undef
   4:9   warning  'animation' is not defined                no-undef
   5:7   warning  'noLoop' is not defined                   no-undef
   6:7   warning  'button1' is not defined                  no-undef
   6:22  warning  'play' is not defined                     no-undef
   7:7   warning  'button1' is not defined                  no-undef
   8:7   warning  'animation' is not defined                no-undef
   9:7   warning  'touch' is not defined                    no-undef
  11:7   warning  'loop' is not defined                     no-undef
  12:7   warning  'button1' is not defined                  no-undef
  12:22  warning  'pause' is not defined                    no-undef
  13:7   warning  'button1' is not defined                  no-undef
  14:7   warning  'animation' is not defined                no-undef
  15:7   warning  'touch' is not defined                    no-undef
  18:7   warning  'button2' is not defined                  no-undef
  18:18  warning  'mouseX' is not defined                   no-undef
  18:26  warning  'mouseY' is not defined                   no-undef
  18:37  warning  'page1' is not defined                    no-undef
  19:5   warning  'clearGraphs' is not defined              no-undef
  20:5   warning  'page1' is not defined                    no-undef
  21:5   warning  'page2' is not defined                    no-undef
  23:5   warning  'magFac' is not defined                   no-undef
  24:5   warning  'phaseAng' is not defined                 no-undef
  26:5   warning  'clear' is not defined                    no-undef
  26:13  warning  'createButton' is not defined             no-undef
  27:5   warning  'clear' is not defined                    no-undef
  29:7   warning  'button3' is not defined                  no-undef
  29:18  warning  'mouseX' is not defined                   no-undef
  29:26  warning  'mouseY' is not defined                   no-undef
  29:37  warning  'page2' is not defined                    no-undef
  30:5   warning  'clearGraphs' is not defined              no-undef
  31:5   warning  'page1' is not defined                    no-undef
  32:5   warning  'page2' is not defined                    no-undef
  34:5   warning  'clear' is not defined                    no-undef

/home/runner/work/exp-rotating-unbalance-nitk/exp-rotating-unbalance-nitk/experiment/simulation/js/graph.js
   1:7   warning  'Graph' is defined but never used  no-unused-vars
  22:9   warning  't' is not defined                 no-undef
  26:9   warning  'push' is not defined              no-undef
  28:9   warning  'beginShape' is not defined        no-undef
  29:9   warning  'stroke' is not defined            no-undef
  30:9   warning  'strokeWeight' is not defined      no-undef
  31:9   warning  'noFill' is not defined            no-undef
  33:13  warning  'vertex' is not defined            no-undef
  35:9   warning  'endShape' is not defined          no-undef
  37:9   warning  'stroke' is not defined            no-undef
  38:9   warning  'strokeWeight' is not defined      no-undef
  39:9   warning  'line' is not defined              no-undef
  40:9   warning  'line' is not defined              no-undef
  41:9   warning  'line' is not defined              no-undef
  43:9   warning  'fill' is not defined              no-undef
  44:9   warning  'strokeWeight' is not defined      no-undef
  45:9   warning  'textSize' is not defined          no-undef
  46:9   warning  'text' is not defined              no-undef
  47:9   warning  'translate' is not defined         no-undef
  48:9   warning  'rotate' is not defined            no-undef
  48:16  warning  'radians' is not defined           no-undef
  49:9   warning  'text' is not defined              no-undef
  51:9   warning  'pop' is not defined               no-undef

/home/runner/work/exp-rotating-unbalance-nitk/exp-rotating-unbalance-nitk/experiment/simulation/js/jquery-3.6.0.js
      5:44  warning  'module' is not defined                                                    no-undef
     13:5   warning  'module' is not defined                                                    no-undef
    130:13  warning  'Symbol' is already defined as a built-in global variable                  no-redeclare
    705:22  warning  Unexpected control character(s) in regular expression: \x1f, \x1f          no-control-regex
    767:50  warning  Empty block statement                                                      no-empty
   2173:38  warning  Do not access Object.prototype method 'hasOwnProperty' from target object  no-prototype-builtins
   3193:16  warning  Unnecessary escape character: \/                                           no-useless-escape
   3495:52  warning  Empty block statement                                                      no-empty
   4572:21  warning  Empty block statement                                                      no-empty
   5039:28  warning  Unnecessary escape character: \/                                           no-useless-escape
   5256:19  warning  Empty block statement                                                      no-empty
   6552:25  warning  Empty block statement                                                      no-empty
   9159:17  warning  Empty block statement                                                      no-empty
   9807:28  warning  'urlAnchor.href' is assigned to itself                                     no-self-assign
  10257:17  warning  Empty block statement                                                      no-empty
  11150:39  warning  'define' is not defined                                                    no-undef
  11151:5   warning  'define' is not defined                                                    no-undef

/home/runner/work/exp-rotating-unbalance-nitk/exp-rotating-unbalance-nitk/experiment/simulation/js/jquery-ui.js
      9:39  warning  'define' is not defined                                      no-undef
     11:5   warning  'define' is not defined                                      no-undef
     14:13  warning  'jQuery' is not defined                                      no-undef
     21:7   warning  'version' is assigned a value but never used                 no-unused-vars
    783:7   warning  'widget' is assigned a value but never used                  no-unused-vars
    808:19  warning  Unnecessary escape character: \+                             no-useless-escape
    808:21  warning  Unnecessary escape character: \-                             no-useless-escape
   1351:7   warning  'position' is assigned a value but never used                no-unused-vars
   1367:7   warning  'data' is assigned a value but never used                    no-unused-vars
   1396:7   warning  'disableSelection' is assigned a value but never used        no-unused-vars
   1438:23  warning  Unnecessary escape character: \-                             no-useless-escape
   1448:39  warning  Unnecessary escape character: \%                             no-useless-escape
   1448:63  warning  Unnecessary escape character: \%                             no-useless-escape
   1448:87  warning  Unnecessary escape character: \%                             no-useless-escape
   1485:61  warning  Unnecessary escape character: \%                             no-useless-escape
   1485:85  warning  Unnecessary escape character: \%                             no-useless-escape
   2064:29  warning  Empty block statement                                        no-empty
   3106:63  warning  Empty block statement                                        no-empty
   3142:7   warning  'effectsEffectBlind' is assigned a value but never used      no-unused-vars
   3203:7   warning  'effectsEffectBounce' is assigned a value but never used     no-unused-vars
   3295:7   warning  'effectsEffectClip' is assigned a value but never used       no-unused-vars
   3346:7   warning  'effectsEffectDrop' is assigned a value but never used       no-unused-vars
   3404:7   warning  'effectsEffectExplode' is assigned a value but never used    no-unused-vars
   3509:7   warning  'effectsEffectFade' is assigned a value but never used       no-unused-vars
   3546:7   warning  'effectsEffectFold' is assigned a value but never used       no-unused-vars
   3625:7   warning  'effectsEffectHighlight' is assigned a value but never used  no-unused-vars
   3669:7   warning  'effectsEffectSize' is assigned a value but never used       no-unused-vars
   3870:7   warning  'effectsEffectScale' is assigned a value but never used      no-unused-vars
   3915:7   warning  'effectsEffectPuff' is assigned a value but never used       no-unused-vars
   3943:7   warning  'effectsEffectPulsate' is assigned a value but never used    no-unused-vars
   3993:7   warning  'effectsEffectShake' is assigned a value but never used      no-unused-vars
   4048:7   warning  'effectsEffectSlide' is assigned a value but never used      no-unused-vars
   4113:7   warning  'effect' is already defined                                  no-redeclare
   4119:7   warning  'effectsEffectTransfer' is assigned a value but never used   no-unused-vars
   4195:7   warning  'focusable' is assigned a value but never used               no-unused-vars
   4200:7   warning  'form' is assigned a value but never used                    no-unused-vars
   4220:7   warning  'formResetMixin' is assigned a value but never used          no-unused-vars
   4297:22  warning  Unexpected control character(s) in regular expression: \x1f  no-control-regex
   4355:7   warning  'keycode' is assigned a value but never used                 no-unused-vars
   4388:7   warning  'labels' is assigned a value but never used                  no-unused-vars
   4441:7   warning  'scrollParent' is assigned a value but never used            no-unused-vars
   4478:7   warning  'tabbable' is assigned a value but never used                no-unused-vars
   4502:7   warning  'uniqueId' is assigned a value but never used                no-unused-vars
   4544:7   warning  'widgetsAccordion' is assigned a value but never used        no-unused-vars
   5173:7   warning  'safeActiveElement' is assigned a value but never used       no-unused-vars
   5219:7   warning  'widgetsMenu' is assigned a value but never used             no-unused-vars
   5925:13  warning  Unnecessary escape character: \-                             no-useless-escape
   5925:15  warning  Unnecessary escape character: \[                             no-useless-escape
   5925:30  warning  Unnecessary escape character: \^                             no-useless-escape
   6567:30  warning  Unnecessary escape character: \-                             no-useless-escape
   6567:32  warning  Unnecessary escape character: \[                             no-useless-escape
   6567:47  warning  Unnecessary escape character: \^                             no-useless-escape
   6612:7   warning  'widgetsAutocomplete' is assigned a value but never used     no-unused-vars
   6634:7   warning  'widgetsControlgroup' is assigned a value but never used     no-unused-vars
   7225:7   warning  'widgetsCheckboxradio' is assigned a value but never used    no-unused-vars
   7672:7   warning  'widgetsButton' is assigned a value but never used           no-unused-vars
   7907:51  warning  Unnecessary escape character: \-                             no-useless-escape
   8606:23  warning  Empty block statement                                        no-empty
   9312:18  warning  Unexpected constant condition                                no-constant-condition
   9609:27  warning  Unnecessary escape character: \-                             no-useless-escape
  10279:40  warning  Unnecessary escape character: \-                             no-useless-escape
  10281:32  warning  Unnecessary escape character: \-                             no-useless-escape
  10421:35  warning  Unnecessary escape character: \-                             no-useless-escape
  10424:35  warning  Unnecessary escape character: \-                             no-useless-escape
  10589:7   warning  'widgetsDatepicker' is assigned a value but never used       no-unused-vars
  10592:7   warning  'ie' is assigned a value but never used                      no-unused-vars
  10613:7   warning  'widgetsMouse' is assigned a value but never used            no-unused-vars
  10821:7   warning  'plugin' is assigned a value but never used                  no-unused-vars
  10854:7   warning  'safeBlur' is assigned a value but never used                no-unused-vars
  12155:7   warning  'widgetsDraggable' is assigned a value but never used        no-unused-vars
  13414:7   warning  'widgetsResizable' is assigned a value but never used        no-unused-vars
  14369:7   warning  'widgetsDialog' is assigned a value but never used           no-unused-vars
  14888:7   warning  'widgetsDroppable' is assigned a value but never used        no-unused-vars
  14910:7   warning  'widgetsProgressbar' is assigned a value but never used      no-unused-vars
  15067:7   warning  'widgetsSelectable' is assigned a value but never used       no-unused-vars
  15385:7   warning  'widgetsSelectmenu' is assigned a value but never used       no-unused-vars
  16084:7   warning  'widgetsSlider' is assigned a value but never used           no-unused-vars
  16876:7   warning  'widgetsSortable' is assigned a value but never used         no-unused-vars
  17487:33  warning  Unnecessary escape character: \-                             no-useless-escape
  19064:15  warning  'Globalize' is not defined                                   no-undef
  19075:11  warning  'Globalize' is not defined                                   no-undef
  19195:7   warning  'widgetsSpinner' is assigned a value but never used          no-unused-vars
  19251:25  warning  Empty block statement                                        no-empty
  19254:25  warning  Empty block statement                                        no-empty
  19493:38  warning  Unnecessary escape character: \/                             no-useless-escape
  19493:47  warning  Unnecessary escape character: \[                             no-useless-escape
  19493:51  warning  Unnecessary escape character: \^                             no-useless-escape
  20118:7   warning  'widgetsTabs' is assigned a value but never used             no-unused-vars
  20629:7   warning  'widgetsTooltip' is assigned a value but never used          no-unused-vars

/home/runner/work/exp-rotating-unbalance-nitk/exp-rotating-unbalance-nitk/experiment/simulation/js/jquery.ui.touch-punch.js
  174:4  warning  'jQuery' is not defined  no-undef

/home/runner/work/exp-rotating-unbalance-nitk/exp-rotating-unbalance-nitk/experiment/simulation/js/jquery.ui.touch-punch.min.js
  81:4  warning  'jQuery' is not defined  no-undef

/home/runner/work/exp-rotating-unbalance-nitk/exp-rotating-unbalance-nitk/experiment/simulation/js/p5.dom.js
    29:39  warning  'define' is not defined                          no-undef
    30:5   warning  'define' is not defined                          no-undef
    32:13  warning  'require' is not defined                         no-undef
   214:43  warning  'e' is defined but never used                    no-unused-vars
   289:39  warning  Invalid typeof comparison value                  valid-typeof
   579:20  warning  'i' is already defined                           no-redeclare
   674:13  warning  'ran' is assigned a value but never used         no-unused-vars
   692:18  warning  'i' is already defined                           no-redeclare
   707:18  warning  'i' is already defined                           no-redeclare
   796:7   warning  Move function declaration to function body root  no-inner-declarations
   803:11  warning  Move function declaration to function body root  no-inner-declarations
   810:12  warning  Unnecessary semicolon                            no-extra-semi
   838:9   warning  'src' is already defined                         no-redeclare
  1301:11  warning  'transform' is already defined                   no-redeclare
  1582:20  warning  'prop' is already defined                        no-redeclare

/home/runner/work/exp-rotating-unbalance-nitk/exp-rotating-unbalance-nitk/experiment/simulation/js/p5.js
      2:73    warning  'module' is not defined                                                    no-undef
      2:128   warning  'define' is not defined                                                    no-undef
      2:140   warning  'define' is not defined                                                    no-undef
      2:244   warning  'global' is not defined                                                    no-undef
      2:341   warning  'module' is defined but never used                                         no-unused-vars
      2:348   warning  'exports' is defined but never used                                        no-unused-vars
      2:452   warning  'require' is not defined                                                   no-undef
      2:752   warning  'require' is not defined                                                   no-undef
      2:819   warning  '_dereq_' is defined but never used                                        no-unused-vars
      2:827   warning  'module' is defined but never used                                         no-unused-vars
      2:834   warning  'exports' is defined but never used                                        no-unused-vars
    521:2     warning  Unnecessary semicolon                                                      no-extra-semi
   1163:66    warning  'global' is not defined                                                    no-undef
   2210:11    warning  'ArrayBuffer' is already defined as a built-in global variable             no-redeclare
   2210:24    warning  'DataView' is already defined as a built-in global variable                no-redeclare
   2210:34    warning  'Uint8Array' is already defined as a built-in global variable              no-redeclare
   2210:46    warning  'XMLHttpRequest' is already defined as a built-in global variable          no-redeclare
   2962:12    warning  Unexpected constant condition                                              no-constant-condition
   3038:15    warning  Do not access Object.prototype method 'hasOwnProperty' from target object  no-prototype-builtins
   4803:35    warning  'value2' is assigned a value but never used                                no-unused-vars
   5897:9     warning  'langTagCount' is assigned a value but never used                          no-unused-vars
   6709:11    warning  'WeakMap' is already defined as a built-in global variable                 no-redeclare
   7323:46    warning  'exports' is defined but never used                                        no-unused-vars
   7495:29    warning  'name' is defined but never used                                           no-unused-vars
   7500:27    warning  'dir' is defined but never used                                            no-unused-vars
   7505:20    warning  '_dereq_' is defined but never used                                        no-unused-vars
   7505:28    warning  'module' is defined but never used                                         no-unused-vars
   7505:35    warning  'exports' is defined but never used                                        no-unused-vars
   7542:40    warning  Do not access Object.prototype method 'isPrototypeOf' from target object   no-prototype-builtins
   7554:28    warning  Unnecessary escape character: \^                                           no-useless-escape
   7620:21    warning  Do not access Object.prototype method 'hasOwnProperty' from target object  no-prototype-builtins
   7629:20    warning  Do not access Object.prototype method 'hasOwnProperty' from target object  no-prototype-builtins
   7718:49    warning  Do not access Object.prototype method 'isPrototypeOf' from target object   no-prototype-builtins
   7720:57    warning  Do not access Object.prototype method 'isPrototypeOf' from target object   no-prototype-builtins
   7722:68    warning  Do not access Object.prototype method 'isPrototypeOf' from target object   no-prototype-builtins
   7728:64    warning  Do not access Object.prototype method 'isPrototypeOf' from target object   no-prototype-builtins
   7739:70    warning  Do not access Object.prototype method 'isPrototypeOf' from target object   no-prototype-builtins
   7968:35    warning  'exports' is defined but never used                                        no-unused-vars
   8062:1291  warning  'exports' is defined but never used                                        no-unused-vars
   8315:52    warning  'exports' is defined but never used                                        no-unused-vars
   8894:91    warning  'exports' is defined but never used                                        no-unused-vars
   9500:99    warning  'exports' is defined but never used                                        no-unused-vars
  10134:91    warning  'exports' is defined but never used                                        no-unused-vars
  10646:98    warning  'exports' is defined but never used                                        no-unused-vars
  10977:63    warning  'exports' is defined but never used                                        no-unused-vars
  11013:51    warning  'exports' is defined but never used                                        no-unused-vars
  11234:35    warning  'exports' is defined but never used                                        no-unused-vars
  11684:20    warning  Do not access Object.prototype method 'hasOwnProperty' from target object  no-prototype-builtins
  11715:27    warning  Do not access Object.prototype method 'hasOwnProperty' from target object  no-prototype-builtins
  11716:20    warning  Do not access Object.prototype method 'hasOwnProperty' from target object  no-prototype-builtins
  11730:16    warning  Do not access Object.prototype method 'hasOwnProperty' from target object  no-prototype-builtins
  11808:37    warning  Do not access Object.prototype method 'hasOwnProperty' from target object  no-prototype-builtins
  11814:40    warning  Do not access Object.prototype method 'hasOwnProperty' from target object  no-prototype-builtins
  11894:63    warning  'exports' is defined but never used                                        no-unused-vars
  12395:67    warning  'exports' is defined but never used                                        no-unused-vars
  13069:63    warning  'exports' is defined but never used                                        no-unused-vars
  13340:63    warning  'exports' is defined but never used                                        no-unused-vars
  14223:46    warning  'exports' is defined but never used                                        no-unused-vars
  14299:63    warning  'exports' is defined but never used                                        no-unused-vars
  14511:14    warning  Expected a conditional expression and instead saw an assignment            no-cond-assign
  14521:69    warning  'exports' is defined but never used                                        no-unused-vars
  15814:118   warning  'exports' is defined but never used                                        no-unused-vars
  16120:116   warning  '_dereq_' is defined but never used                                        no-unused-vars
  16120:124   warning  'module' is defined but never used                                         no-unused-vars
  16120:131   warning  'exports' is defined but never used                                        no-unused-vars
  16129:28    warning  'element' is defined but never used                                        no-unused-vars
  16203:35    warning  'exports' is defined but never used                                        no-unused-vars
  16575:46    warning  'exports' is defined but never used                                        no-unused-vars
  16971:63    warning  'exports' is defined but never used                                        no-unused-vars
  17284:38    warning  'x2' is defined but never used                                             no-unused-vars
  17284:42    warning  'y2' is defined but never used                                             no-unused-vars
  17284:46    warning  'x3' is defined but never used                                             no-unused-vars
  17284:50    warning  'y3' is defined but never used                                             no-unused-vars
  17284:54    warning  'x4' is defined but never used                                             no-unused-vars
  17284:58    warning  'y4' is defined but never used                                             no-unused-vars
  17607:63    warning  'exports' is defined but never used                                        no-unused-vars
  18200:52    warning  'exports' is defined but never used                                        no-unused-vars
  18510:34    warning  'e' is defined but never used                                              no-unused-vars
  18572:18    warning  Do not access Object.prototype method 'hasOwnProperty' from target object  no-prototype-builtins
  18581:52    warning  'exports' is defined but never used                                        no-unused-vars
  19347:75    warning  'exports' is defined but never used                                        no-unused-vars
  19592:52    warning  'exports' is defined but never used                                        no-unused-vars
  19593:10    warning  'ImageData' is already defined as a built-in global variable               no-redeclare
  20195:35    warning  'exports' is defined but never used                                        no-unused-vars
  20212:11    warning  'frames' is already defined as a built-in global variable                  no-redeclare
  20212:11    warning  'frames' is defined but never used                                         no-unused-vars
  20532:52    warning  'exports' is defined but never used                                        no-unused-vars
  20994:137   warning  'exports' is defined but never used                                        no-unused-vars
  21701:67    warning  'exports' is defined but never used                                        no-unused-vars
  22318:90    warning  'exports' is defined but never used                                        no-unused-vars
  22326:12    warning  'Request' is already defined as a built-in global variable                 no-redeclare
  22589:47    warning  Do not access Object.prototype method 'hasOwnProperty' from target object  no-prototype-builtins
  22831:18    warning  Unnecessary escape character: \"                                           no-useless-escape
  22862:12    warning  Unexpected constant condition                                              no-constant-condition
  23205:14    warning  Do not access Object.prototype method 'hasOwnProperty' from target object  no-prototype-builtins
  23274:30    warning  'msg' is defined but never used                                            no-unused-vars
  23446:31    warning  'object' is defined but never used                                         no-unused-vars
  23446:39    warning  '_filename' is defined but never used                                      no-unused-vars
  23446:50    warning  '_options' is defined but never used                                       no-unused-vars
  23708:35    warning  Unnecessary escape character: \"                                           no-useless-escape
  23708:49    warning  Unnecessary escape character: \"                                           no-useless-escape
  23709:14    warning  Unnecessary escape character: \"                                           no-useless-escape
  23709:39    warning  Unnecessary escape character: \"                                           no-useless-escape
  23759:26    warning  Unnecessary escape character: \/                                           no-useless-escape
  23761:17    warning  Unnecessary escape character: \/                                           no-useless-escape
  23803:48    warning  Unnecessary escape character: \"                                           no-useless-escape
  23803:61    warning  Unnecessary escape character: \"                                           no-useless-escape
  23867:146   warning  'exports' is defined but never used                                        no-unused-vars
  23913:22    warning  'rows' is defined but never used                                           no-unused-vars
  24547:25    warning  Unnecessary escape character: \/                                           no-useless-escape
  25026:52    warning  'exports' is defined but never used                                        no-unused-vars
  25196:52    warning  'exports' is defined but never used                                        no-unused-vars
  25995:52    warning  'exports' is defined but never used                                        no-unused-vars
  26744:16    warning  'x' is defined but never used                                              no-unused-vars
  26744:19    warning  'y' is defined but never used                                              no-unused-vars
  26744:22    warning  'z' is defined but never used                                              no-unused-vars
  26785:52    warning  'exports' is defined but never used                                        no-unused-vars
  26819:52    warning  'exports' is defined but never used                                        no-unused-vars
  27122:52    warning  'exports' is defined but never used                                        no-unused-vars
  28177:96    warning  'exports' is defined but never used                                        no-unused-vars
  28191:35    warning  'exports' is defined but never used                                        no-unused-vars
  28438:52    warning  'exports' is defined but never used                                        no-unused-vars
  28796:96    warning  'exports' is defined but never used                                        no-unused-vars
  28847:35    warning  'horizAlign' is defined but never used                                     no-unused-vars
  28847:47    warning  'vertAlign' is defined but never used                                      no-unused-vars
  28880:37    warning  'theLeading' is defined but never used                                     no-unused-vars
  28907:34    warning  'theSize' is defined but never used                                        no-unused-vars
  28938:35    warning  'theStyle' is defined but never used                                       no-unused-vars
  29041:52    warning  'exports' is defined but never used                                        no-unused-vars
  29108:30    warning  'str' is defined but never used                                            no-unused-vars
  29108:35    warning  'x' is defined but never used                                              no-unused-vars
  29108:38    warning  'y' is defined but never used                                              no-unused-vars
  29108:41    warning  'maxWidth' is defined but never used                                       no-unused-vars
  29108:51    warning  'maxHeight' is defined but never used                                      no-unused-vars
  29183:102   warning  'exports' is defined but never used                                        no-unused-vars
  29305:31    warning  'gFontSize' is defined but never used                                      no-unused-vars
  29823:5     warning  Unexpected newline between function and ( of function call                 no-unexpected-multiline
  30076:9     warning  Unexpected newline between function and ( of function call                 no-unexpected-multiline
  30257:75    warning  'exports' is defined but never used                                        no-unused-vars
  30605:52    warning  'exports' is defined but never used                                        no-unused-vars
  30876:52    warning  'exports' is defined but never used                                        no-unused-vars
  31411:52    warning  'exports' is defined but never used                                        no-unused-vars
  31580:52    warning  'exports' is defined but never used                                        no-unused-vars
  31723:52    warning  'exports' is defined but never used                                        no-unused-vars
  31739:52    warning  'exports' is defined but never used                                        no-unused-vars
  31780:38    warning  'v1' is defined but never used                                             no-unused-vars
  31780:42    warning  'v2' is defined but never used                                             no-unused-vars
  31780:46    warning  'v3' is defined but never used                                             no-unused-vars
  31780:50    warning  'a' is defined but never used                                              no-unused-vars
  31846:54    warning  'a' is defined but never used                                              no-unused-vars
  31846:57    warning  'x' is defined but never used                                              no-unused-vars
  31846:60    warning  'y' is defined but never used                                              no-unused-vars
  31846:63    warning  'z' is defined but never used                                              no-unused-vars
  31876:5     warning  Unnecessary try/catch wrapper                                              no-useless-catch
  31947:48    warning  'a' is defined but never used                                              no-unused-vars
  31947:51    warning  'x' is defined but never used                                              no-unused-vars
  31947:54    warning  'y' is defined but never used                                              no-unused-vars
  31947:57    warning  'z' is defined but never used                                              no-unused-vars
  31977:5     warning  Unnecessary try/catch wrapper                                              no-useless-catch
  32008:52    warning  'exports' is defined but never used                                        no-unused-vars
  32241:71    warning  'exports' is defined but never used                                        no-unused-vars
  32488:41    warning  'v1' is defined but never used                                             no-unused-vars
  32488:45    warning  'v2' is defined but never used                                             no-unused-vars
  32488:49    warning  'v3' is defined but never used                                             no-unused-vars
  32488:53    warning  'a' is defined but never used                                              no-unused-vars
  32542:42    warning  'v1' is defined but never used                                             no-unused-vars
  32542:46    warning  'v2' is defined but never used                                             no-unused-vars
  32542:50    warning  'v3' is defined but never used                                             no-unused-vars
  32542:54    warning  'a' is defined but never used                                              no-unused-vars
  32570:53    warning  'v1' is defined but never used                                             no-unused-vars
  32570:56    warning  'v2' is defined but never used                                             no-unused-vars
  32570:59    warning  'v3' is defined but never used                                             no-unused-vars
  32570:62    warning  'a' is defined but never used                                              no-unused-vars
  32589:52    warning  'exports' is defined but never used                                        no-unused-vars
  32769:52    warning  'exports' is defined but never used                                        no-unused-vars
  33479:102   warning  'exports' is defined but never used                                        no-unused-vars
  33552:16    warning  'isCurve' is defined but never used                                        no-unused-vars
  33552:25    warning  'isBezier' is defined but never used                                       no-unused-vars
  33552:34    warning  'isQuadratic' is defined but never used                                    no-unused-vars
  33552:47    warning  'isContour' is defined but never used                                      no-unused-vars
  33552:58    warning  'shapeKind' is defined but never used                                      no-unused-vars
  33663:75    warning  'exports' is defined but never used                                        no-unused-vars
  33822:52    warning  'exports' is defined but never used                                        no-unused-vars
  34132:41    warning  'v1' is defined but never used                                             no-unused-vars
  34132:45    warning  'v2' is defined but never used                                             no-unused-vars
  34132:49    warning  'v3' is defined but never used                                             no-unused-vars
  34132:53    warning  'a' is defined but never used                                              no-unused-vars
  34160:43    warning  'r' is defined but never used                                              no-unused-vars
  34160:46    warning  'g' is defined but never used                                              no-unused-vars
  34160:49    warning  'b' is defined but never used                                              no-unused-vars
  34160:52    warning  'a' is defined but never used                                              no-unused-vars
  34312:108   warning  'exports' is defined but never used                                        no-unused-vars
  34464:11    warning  'id' is assigned a value but never used                                    no-unused-vars
  34898:42    warning  'x' is defined but never used                                              no-unused-vars
  34898:45    warning  'y' is defined but never used                                              no-unused-vars
  34898:48    warning  'z' is defined but never used                                              no-unused-vars
  35104:71    warning  'exports' is defined but never used                                        no-unused-vars

/home/runner/work/exp-rotating-unbalance-nitk/exp-rotating-unbalance-nitk/experiment/simulation/js/p5.min.js
  3:70      warning  'module' is not defined                                                    no-undef
  3:124     warning  'define' is not defined                                                    no-undef
  3:135     warning  'define' is not defined                                                    no-undef
  3:215     warning  'global' is not defined                                                    no-undef
  3:373     warning  'require' is not defined                                                   no-undef
  3:668     warning  'require' is not defined                                                   no-undef
  3:730     warning  'r' is defined but never used                                              no-unused-vars
  3:224706  warning  'e' is defined but never used                                              no-unused-vars
  3:224708  warning  't' is defined but never used                                              no-unused-vars
  3:224710  warning  'r' is defined but never used                                              no-unused-vars
  3:225252  warning  'c' is already defined                                                     no-redeclare
  3:231070  warning  Expected method 'get' to always return a value                             getter-return
  3:231185  warning  Expected method 'get' to always return a value                             getter-return
  3:245266  warning  'r' is defined but never used                                              no-unused-vars
  3:251216  warning  Empty block statement                                                      no-empty
  3:251401  warning  'global' is not defined                                                    no-undef
  3:252669  warning  'r' is defined but never used                                              no-unused-vars
  3:255648  warning  'r' is defined but never used                                              no-unused-vars
  3:261330  warning  Expected a conditional expression and instead saw an assignment            no-cond-assign
  3:271805  warning  Expected a conditional expression and instead saw an assignment            no-cond-assign
  3:272890  warning  Expected a conditional expression and instead saw an assignment            no-cond-assign
  3:277112  warning  Empty block statement                                                      no-empty
  3:277481  warning  Expected a conditional expression and instead saw an assignment            no-cond-assign
  3:277553  warning  Empty block statement                                                      no-empty
  3:325348  warning  Do not access Object.prototype method 'hasOwnProperty' from target object  no-prototype-builtins
  3:350372  warning  Expected a conditional expression and instead saw an assignment            no-cond-assign
  3:385126  warning  Expected a 'break' statement before 'case'                                 no-fallthrough
  3:422930  warning  't' is defined but never used                                              no-unused-vars
  3:424498  warning  'r' is defined but never used                                              no-unused-vars
  3:425945  warning  'e' is defined but never used                                              no-unused-vars
  3:425977  warning  'e' is defined but never used                                              no-unused-vars
  3:426078  warning  'e' is defined but never used                                              no-unused-vars
  3:426179  warning  'e' is defined but never used                                              no-unused-vars
  3:426181  warning  't' is defined but never used                                              no-unused-vars
  3:426183  warning  'r' is defined but never used                                              no-unused-vars
  3:426680  warning  Do not access Object.prototype method 'isPrototypeOf' from target object   no-prototype-builtins
  3:427051  warning  Do not access Object.prototype method 'hasOwnProperty' from target object  no-prototype-builtins
  3:427189  warning  Do not access Object.prototype method 'hasOwnProperty' from target object  no-prototype-builtins
  3:429167  warning  Unnecessary escape character: \^                                           no-useless-escape
  3:430175  warning  Expected a conditional expression and instead saw an assignment            no-cond-assign
  3:430257  warning  Do not access Object.prototype method 'isPrototypeOf' from target object   no-prototype-builtins
  3:430321  warning  Do not access Object.prototype method 'isPrototypeOf' from target object   no-prototype-builtins
  3:430396  warning  Do not access Object.prototype method 'isPrototypeOf' from target object   no-prototype-builtins
  3:430578  warning  Do not access Object.prototype method 'isPrototypeOf' from target object   no-prototype-builtins
  3:430929  warning  Do not access Object.prototype method 'isPrototypeOf' from target object   no-prototype-builtins
  3:433295  warning  'r' is defined but never used                                              no-unused-vars
  3:438570  warning  'i' is a function                                                          no-func-assign
  3:439428  warning  's' is a function                                                          no-func-assign
  3:441824  warning  'i' is a function                                                          no-func-assign
  3:442680  warning  's' is a function                                                          no-func-assign
  3:454584  warning  'i' is a function                                                          no-func-assign
  3:455442  warning  'p' is a function                                                          no-func-assign
  3:460220  warning  'i' is a function                                                          no-func-assign
  3:461066  warning  's' is a function                                                          no-func-assign
  3:470261  warning  'i' is a function                                                          no-func-assign
  3:470307  warning  's' is a function                                                          no-func-assign
  3:470777  warning  'i' is a function                                                          no-func-assign
  3:471575  warning  's' is a function                                                          no-func-assign
  3:471849  warning  't' is defined but never used                                              no-unused-vars
  3:471851  warning  'r' is defined but never used                                              no-unused-vars
  3:472013  warning  't' is defined but never used                                              no-unused-vars
  3:473862  warning  'i' is a function                                                          no-func-assign
  3:474672  warning  's' is a function                                                          no-func-assign
  3:474895  warning  'r' is defined but never used                                              no-unused-vars
  3:476039  warning  Unsafe usage of ThrowStatement                                             no-unsafe-finally
  3:478189  warning  Unsafe usage of ThrowStatement                                             no-unsafe-finally
  3:479361  warning  Unsafe usage of ThrowStatement                                             no-unsafe-finally
  3:479558  warning  Do not access Object.prototype method 'hasOwnProperty' from target object  no-prototype-builtins
  3:479987  warning  Do not access Object.prototype method 'hasOwnProperty' from target object  no-prototype-builtins
  3:480012  warning  Do not access Object.prototype method 'hasOwnProperty' from target object  no-prototype-builtins
  3:480156  warning  Do not access Object.prototype method 'hasOwnProperty' from target object  no-prototype-builtins
  3:481041  warning  Do not access Object.prototype method 'hasOwnProperty' from target object  no-prototype-builtins
  3:481184  warning  Do not access Object.prototype method 'hasOwnProperty' from target object  no-prototype-builtins
  3:485022  warning  'i' is a function                                                          no-func-assign
  3:485868  warning  'p' is a function                                                          no-func-assign
  3:487901  warning  'i' is a function                                                          no-func-assign
  3:487947  warning  's' is a function                                                          no-func-assign
  3:493907  warning  'i' is a function                                                          no-func-assign
  3:494749  warning  's' is a function                                                          no-func-assign
  3:510886  warning  'a' is defined but never used                                              no-unused-vars
  3:512722  warning  't' is defined but never used                                              no-unused-vars
  3:512724  warning  'r' is defined but never used                                              no-unused-vars
  3:513431  warning  Unsafe usage of ThrowStatement                                             no-unsafe-finally
  3:514868  warning  'i' is a function                                                          no-func-assign
  3:514914  warning  's' is a function                                                          no-func-assign
  3:515354  warning  Expected a conditional expression and instead saw an assignment            no-cond-assign
  3:516803  warning  Empty block statement                                                      no-empty
  3:517505  warning  'i' is a function                                                          no-func-assign
  3:518343  warning  'l' is a function                                                          no-func-assign
  3:519601  warning  'e' is defined but never used                                              no-unused-vars
  3:519603  warning  't' is defined but never used                                              no-unused-vars
  3:519605  warning  'r' is defined but never used                                              no-unused-vars
  3:519607  warning  'n' is defined but never used                                              no-unused-vars
  3:519609  warning  'a' is defined but never used                                              no-unused-vars
  3:522313  warning  'i' is a function                                                          no-func-assign
  3:523161  warning  's' is a function                                                          no-func-assign
  3:526732  warning  'i' is a function                                                          no-func-assign
  3:527580  warning  'p' is a function                                                          no-func-assign
  3:529972  warning  'n' is defined but never used                                              no-unused-vars
  3:529974  warning  'a' is defined but never used                                              no-unused-vars
  3:530335  warning  'e' is defined but never used                                              no-unused-vars
  3:530337  warning  't' is defined but never used                                              no-unused-vars
  3:530339  warning  'r' is defined but never used                                              no-unused-vars
  3:530376  warning  'n' is a function                                                          no-func-assign
  3:530786  warning  't' is defined but never used                                              no-unused-vars
  3:531277  warning  't' is defined but never used                                              no-unused-vars
  3:533049  warning  'e' is defined but never used                                              no-unused-vars
  3:533051  warning  't' is defined but never used                                              no-unused-vars
  3:533053  warning  'r' is defined but never used                                              no-unused-vars
  3:533055  warning  'n' is defined but never used                                              no-unused-vars
  3:533057  warning  'a' is defined but never used                                              no-unused-vars
  3:533059  warning  'o' is defined but never used                                              no-unused-vars
  3:534793  warning  't' is defined but never used                                              no-unused-vars
  3:534795  warning  'r' is defined but never used                                              no-unused-vars
  3:535231  warning  'i' is a function                                                          no-func-assign
  3:537705  warning  Do not access Object.prototype method 'hasOwnProperty' from target object  no-prototype-builtins
  3:537783  warning  Do not access Object.prototype method 'hasOwnProperty' from target object  no-prototype-builtins
  3:538465  warning  Do not access Object.prototype method 'hasOwnProperty' from target object  no-prototype-builtins
  3:539072  warning  'e' is defined but never used                                              no-unused-vars
  3:539732  warning  Do not access Object.prototype method 'hasOwnProperty' from target object  no-prototype-builtins
  3:539966  warning  Do not access Object.prototype method 'hasOwnProperty' from target object  no-prototype-builtins
  3:540134  warning  Do not access Object.prototype method 'hasOwnProperty' from target object  no-prototype-builtins
  3:541535  warning  'h' is a function                                                          no-func-assign
  3:542252  warning  Unsafe usage of ThrowStatement                                             no-unsafe-finally
  3:543968  warning  'e' is defined but never used                                              no-unused-vars
  3:547757  warning  Unsafe usage of ThrowStatement                                             no-unsafe-finally
  3:548764  warning  Unsafe usage of ThrowStatement                                             no-unsafe-finally
  3:549363  warning  Unsafe usage of ThrowStatement                                             no-unsafe-finally
  3:549625  warning  Unsafe usage of ThrowStatement                                             no-unsafe-finally
  3:549914  warning  Unsafe usage of ThrowStatement                                             no-unsafe-finally
  3:550173  warning  Unsafe usage of ThrowStatement                                             no-unsafe-finally
  3:550492  warning  Unsafe usage of ThrowStatement                                             no-unsafe-finally
  3:552069  warning  Unsafe usage of ThrowStatement                                             no-unsafe-finally
  3:553425  warning  Unsafe usage of ThrowStatement                                             no-unsafe-finally
  3:567919  warning  'i' is a function                                                          no-func-assign
  3:568777  warning  's' is a function                                                          no-func-assign
  3:570320  warning  '_PI' is not defined                                                       no-undef
  3:570346  warning  '_PI' is not defined                                                       no-undef
  3:570372  warning  '_PI' is not defined                                                       no-undef
  3:574094  warning  'e' is defined but never used                                              no-unused-vars
  3:574331  warning  Do not access Object.prototype method 'hasOwnProperty' from target object  no-prototype-builtins
  3:574496  warning  'i' is a function                                                          no-func-assign
  3:575354  warning  's' is a function                                                          no-func-assign
  3:588962  warning  Unsafe usage of ThrowStatement                                             no-unsafe-finally
  3:589446  warning  'i' is a function                                                          no-func-assign
  3:590336  warning  's' is a function                                                          no-func-assign
  3:591993  warning  'e' is defined but never used                                              no-unused-vars
  3:595627  warning  'e' is defined but never used                                              no-unused-vars
  3:595629  warning  't' is defined but never used                                              no-unused-vars
  3:595631  warning  'r' is defined but never used                                              no-unused-vars
  3:595633  warning  'n' is defined but never used                                              no-unused-vars
  3:599460  warning  Unsafe usage of ThrowStatement                                             no-unsafe-finally
  3:601070  warning  'e' is defined but never used                                              no-unused-vars
  3:601072  warning  't' is defined but never used                                              no-unused-vars
  3:601074  warning  'r' is defined but never used                                              no-unused-vars
  3:601076  warning  'n' is defined but never used                                              no-unused-vars
  3:601980  warning  'v' is a function                                                          no-func-assign
  3:603093  warning  Do not access Object.prototype method 'hasOwnProperty' from target object  no-prototype-builtins
  3:603128  warning  Do not access Object.prototype method 'hasOwnProperty' from target object  no-prototype-builtins
  3:607406  warning  Do not access Object.prototype method 'hasOwnProperty' from target object  no-prototype-builtins
  3:607441  warning  Do not access Object.prototype method 'hasOwnProperty' from target object  no-prototype-builtins
  3:609294  warning  'e' is defined but never used                                              no-unused-vars
  3:609296  warning  't' is defined but never used                                              no-unused-vars
  3:609298  warning  'r' is defined but never used                                              no-unused-vars
  3:613171  warning  'e' is defined but never used                                              no-unused-vars
  3:620709  warning  Unsafe usage of ThrowStatement                                             no-unsafe-finally
  3:621411  warning  Unsafe usage of ThrowStatement                                             no-unsafe-finally
  3:621705  warning  Unsafe usage of ThrowStatement                                             no-unsafe-finally
  3:621999  warning  Unsafe usage of ThrowStatement                                             no-unsafe-finally
  3:622309  warning  Unsafe usage of ThrowStatement                                             no-unsafe-finally
  3:627063  warning  'i' is a function                                                          no-func-assign
  3:627921  warning  's' is a function                                                          no-func-assign
  3:629104  warning  't' is defined but never used                                              no-unused-vars
  3:629106  warning  'r' is defined but never used                                              no-unused-vars
  3:638056  warning  'i' is a function                                                          no-func-assign
  3:638914  warning  's' is a function                                                          no-func-assign
  3:640291  warning  'e' is defined but never used                                              no-unused-vars
  3:640293  warning  't' is defined but never used                                              no-unused-vars
  3:640452  warning  'e' is defined but never used                                              no-unused-vars
  3:640612  warning  'e' is defined but never used                                              no-unused-vars
  3:640767  warning  'e' is defined but never used                                              no-unused-vars
  3:641713  warning  'i' is a function                                                          no-func-assign
  3:642175  warning  's' is a function                                                          no-func-assign
  3:643420  warning  'e' is defined but never used                                              no-unused-vars
  3:643422  warning  't' is defined but never used                                              no-unused-vars
  3:643424  warning  'r' is defined but never used                                              no-unused-vars
  3:643426  warning  'n' is defined but never used                                              no-unused-vars
  3:643428  warning  'a' is defined but never used                                              no-unused-vars
  3:644892  warning  'i' is a function                                                          no-func-assign
  3:644938  warning  'h' is a function                                                          no-func-assign
  3:652976  warning  'n' is defined but never used                                              no-unused-vars
  3:655383  warning  Unsafe usage of ThrowStatement                                             no-unsafe-finally
  3:663789  warning  'i' is a function                                                          no-func-assign
  3:664670  warning  's' is a function                                                          no-func-assign
  3:666881  warning  Expected a conditional expression and instead saw an assignment            no-cond-assign
  3:666919  warning  Expected a conditional expression and instead saw an assignment            no-cond-assign
  3:685329  warning  'i' is a function                                                          no-func-assign
  3:686187  warning  's' is a function                                                          no-func-assign
  3:691579  warning  'e' is defined but never used                                              no-unused-vars
  3:691581  warning  't' is defined but never used                                              no-unused-vars
  3:691583  warning  'r' is defined but never used                                              no-unused-vars
  3:691585  warning  'n' is defined but never used                                              no-unused-vars
  3:691880  warning  'e' is defined but never used                                              no-unused-vars
  3:691882  warning  't' is defined but never used                                              no-unused-vars
  3:691884  warning  'r' is defined but never used                                              no-unused-vars
  3:692148  warning  'n' is defined but never used                                              no-unused-vars
  3:692150  warning  'a' is defined but never used                                              no-unused-vars
  3:692152  warning  'o' is defined but never used                                              no-unused-vars
  3:692857  warning  'n' is defined but never used                                              no-unused-vars
  3:692859  warning  'a' is defined but never used                                              no-unused-vars
  3:692861  warning  'o' is defined but never used                                              no-unused-vars
  3:703391  warning  'i' is a function                                                          no-func-assign
  3:704249  warning  's' is a function                                                          no-func-assign
  3:706583  warning  'e' is defined but never used                                              no-unused-vars
  3:706585  warning  't' is defined but never used                                              no-unused-vars
  3:706587  warning  'r' is defined but never used                                              no-unused-vars
  3:707007  warning  'e' is defined but never used                                              no-unused-vars
  3:707009  warning  't' is defined but never used                                              no-unused-vars
  3:707011  warning  'r' is defined but never used                                              no-unused-vars
  3:707013  warning  'n' is defined but never used                                              no-unused-vars
  3:707435  warning  'e' is defined but never used                                              no-unused-vars
  3:707437  warning  't' is defined but never used                                              no-unused-vars
  3:707439  warning  'r' is defined but never used                                              no-unused-vars
  3:707441  warning  'n' is defined but never used                                              no-unused-vars
  3:735042  warning  'i' is a function                                                          no-func-assign
  3:735900  warning  'p' is a function                                                          no-func-assign
  3:737132  warning  'e' is defined but never used                                              no-unused-vars
  3:737134  warning  't' is defined but never used                                              no-unused-vars
  3:737136  warning  'r' is defined but never used                                              no-unused-vars
  3:737138  warning  'n' is defined but never used                                              no-unused-vars
  3:737140  warning  'a' is defined but never used                                              no-unused-vars
  3:737142  warning  'o' is defined but never used                                              no-unused-vars
  3:739377  warning  Unsafe usage of ThrowStatement                                             no-unsafe-finally
  3:740053  warning  Unsafe usage of ThrowStatement                                             no-unsafe-finally
  3:741396  warning  Unsafe usage of ThrowStatement                                             no-unsafe-finally
  3:742328  warning  Unsafe usage of ThrowStatement                                             no-unsafe-finally
  3:742727  warning  Unsafe usage of ThrowStatement                                             no-unsafe-finally
  3:743915  warning  'i' is a function                                                          no-func-assign
  3:744846  warning  's' is a function                                                          no-func-assign
  3:766960  warning  'n' is defined but never used                                              no-unused-vars
  3:771045  warning  Unnecessary try/catch wrapper                                              no-useless-catch
  3:772763  warning  Do not access Object.prototype method 'hasOwnProperty' from target object  no-prototype-builtins
  3:774735  warning  'e' is defined but never used                                              no-unused-vars
  3:774737  warning  't' is defined but never used                                              no-unused-vars
  3:774739  warning  'r' is defined but never used                                              no-unused-vars
  3:774741  warning  'n' is defined but never used                                              no-unused-vars
  3:774943  warning  'e' is defined but never used                                              no-unused-vars
  3:774945  warning  't' is defined but never used                                              no-unused-vars
  3:774947  warning  'r' is defined but never used                                              no-unused-vars
  3:774949  warning  'n' is defined but never used                                              no-unused-vars
  3:775110  warning  'e' is defined but never used                                              no-unused-vars
  3:775238  warning  'e' is defined but never used                                              no-unused-vars
  3:775363  warning  'e' is defined but never used                                              no-unused-vars
  3:784078  warning  Unsafe usage of ThrowStatement                                             no-unsafe-finally
  3:787367  warning  Unsafe usage of ThrowStatement                                             no-unsafe-finally
  3:788226  warning  't' is defined but never used                                              no-unused-vars
  3:788228  warning  'r' is defined but never used                                              no-unused-vars
  3:788320  warning  'e' is defined but never used                                              no-unused-vars
  3:792657  warning  Unsafe usage of ThrowStatement                                             no-unsafe-finally
  3:792932  warning  Unsafe usage of ThrowStatement                                             no-unsafe-finally
  3:796585  warning  'i' is a function                                                          no-func-assign
  3:797443  warning  'l' is a function                                                          no-func-assign
  3:801763  warning  't' is defined but never used                                              no-unused-vars
  3:801765  warning  'r' is defined but never used                                              no-unused-vars
  3:801802  warning  'i' is a function                                                          no-func-assign
  3:802594  warning  's' is a function                                                          no-func-assign
  3:806412  warning  Unsafe usage of ThrowStatement                                             no-unsafe-finally
  3:807234  warning  Unsafe usage of ThrowStatement                                             no-unsafe-finally
  3:809317  warning  Unsafe usage of ThrowStatement                                             no-unsafe-finally
  3:810241  warning  Unsafe usage of ThrowStatement                                             no-unsafe-finally

/home/runner/work/exp-rotating-unbalance-nitk/exp-rotating-unbalance-nitk/experiment/simulation/js/page1.js
   1:10  warning  'clearGraphs' is defined but never used  no-unused-vars
   2:3   warning  'position_graph' is not defined          no-undef
   4:10  warning  'resetGraphs' is defined but never used  no-unused-vars
   5:3   warning  'position_graph' is not defined          no-undef
   7:7   warning  'clear' is not defined                   no-undef
  10:10  warning  'runPage1' is defined but never used     no-unused-vars
  11:3   warning  'background' is not defined              no-undef
  13:3   warning  'stroke' is not defined                  no-undef
  14:3   warning  'fill' is not defined                    no-undef
  15:3   warning  'strokeWeight' is not defined            no-undef
  18:3   warning  'push' is not defined                    no-undef
  19:3   warning  'stroke' is not defined                  no-undef
  21:5   warning  'point' is not defined                   no-undef
  25:5   warning  'point' is not defined                   no-undef
  28:3   warning  'pop' is not defined                     no-undef
  37:3   warning  'k' is not defined                       no-undef
  37:7   warning  '$' is not defined                       no-undef
  38:3   warning  'm' is not defined                       no-undef
  38:7   warning  '$' is not defined                       no-undef
  39:3   warning  'z' is not defined                       no-undef
  39:7   warning  '$' is not defined                       no-undef
  40:3   warning  'y' is not defined                       no-undef
  40:7   warning  '$' is not defined                       no-undef
  41:3   warning  'w' is not defined                       no-undef
  41:7   warning  '$' is not defined                       no-undef
  42:3   warning  'spring1' is not defined                 no-undef
  42:22  warning  'k' is not defined                       no-undef
  42:25  warning  'm' is not defined                       no-undef
  42:28  warning  'z' is not defined                       no-undef
  42:31  warning  'y' is not defined                       no-undef
  42:34  warning  'w' is not defined                       no-undef
  43:3   warning  'spring1' is not defined                 no-undef
  43:18  warning  't' is not defined                       no-undef
  43:21  warning  'factor' is not defined                  no-undef
  44:3   warning  'spring1' is not defined                 no-undef
  45:3   warning  'spring1' is not defined                 no-undef
  45:18  warning  't' is not defined                       no-undef
  45:21  warning  'factor' is not defined                  no-undef
  46:3   warning  'spring1' is not defined                 no-undef
  48:3   warning  'position_graph' is not defined          no-undef
  48:25  warning  'spring1' is not defined                 no-undef
  49:3   warning  'position_graph' is not defined          no-undef
  51:3   warning  'spring1' is not defined                 no-undef
  52:45  warning  'w' is not defined                       no-undef
  52:49  warning  'spring1' is not defined                 no-undef
  53:44  warning  'z' is not defined                       no-undef
  63:3   warning  'textSize' is not defined                no-undef
  64:3   warning  'fill' is not defined                    no-undef
  65:3   warning  'text' is not defined                    no-undef
  80:3   warning  't' is not defined                       no-undef
  80:7   warning  't' is not defined                       no-undef
  80:11  warning  'dt' is not defined                      no-undef

/home/runner/work/exp-rotating-unbalance-nitk/exp-rotating-unbalance-nitk/experiment/simulation/js/page2.js
   1:10  warning  'clearMe' is defined but never used   no-unused-vars
   2:5   warning  'magFac' is not defined               no-undef
   3:5   warning  'phaseAng' is not defined             no-undef
   4:5   warning  'magFac' is not defined               no-undef
   5:5   warning  'phaseAng' is not defined             no-undef
   8:10  warning  'runPage2' is defined but never used  no-unused-vars
   9:5   warning  'background' is not defined           no-undef
  12:5   warning  'stroke' is not defined               no-undef
  13:5   warning  'fill' is not defined                 no-undef
  17:5   warning  'push' is not defined                 no-undef
  18:5   warning  'stroke' is not defined               no-undef
  20:9   warning  'point' is not defined                no-undef
  24:9   warning  'point' is not defined                no-undef
  27:5   warning  'pop' is not defined                  no-undef
  31:5   warning  'magFac' is not defined               no-undef
  32:5   warning  'phaseAng' is not defined             no-undef
  35:5   warning  'k' is not defined                    no-undef
  35:9   warning  '$' is not defined                    no-undef
  36:5   warning  'm' is not defined                    no-undef
  36:9   warning  '$' is not defined                    no-undef
  37:5   warning  'z' is not defined                    no-undef
  37:9   warning  '$' is not defined                    no-undef
  38:5   warning  'y' is not defined                    no-undef
  38:9   warning  '$' is not defined                    no-undef
  39:5   warning  'w' is not defined                    no-undef
  39:9   warning  '$' is not defined                    no-undef
  43:3   warning  'spring1' is not defined              no-undef
  44:45  warning  'w' is not defined                    no-undef
  44:49  warning  'spring1' is not defined              no-undef
  45:44  warning  'z' is not defined                    no-undef

/home/runner/work/exp-rotating-unbalance-nitk/exp-rotating-unbalance-nitk/experiment/simulation/js/page3.js
   1:10  warning  'runPage3' is defined but never used  no-unused-vars
   2:3   warning  'background' is not defined           no-undef
   5:3   warning  'stroke' is not defined               no-undef
   6:3   warning  'fill' is not defined                 no-undef
  10:3   warning  'push' is not defined                 no-undef
  11:3   warning  'stroke' is not defined               no-undef
  13:5   warning  'point' is not defined                no-undef
  17:5   warning  'point' is not defined                no-undef
  20:3   warning  'pop' is not defined                  no-undef
  23:3   warning  'phaseAng' is not defined             no-undef
  26:3   warning  'k' is not defined                    no-undef
  26:7   warning  '$' is not defined                    no-undef
  27:3   warning  'm' is not defined                    no-undef
  27:7   warning  '$' is not defined                    no-undef
  28:3   warning  'z' is not defined                    no-undef
  28:7   warning  '$' is not defined                    no-undef
  29:3   warning  'y' is not defined                    no-undef
  29:7   warning  '$' is not defined                    no-undef
  30:3   warning  'w' is not defined                    no-undef
  30:7   warning  '$' is not defined                    no-undef

/home/runner/work/exp-rotating-unbalance-nitk/exp-rotating-unbalance-nitk/experiment/simulation/js/script.js
    1:5   warning  'k' is assigned a value but never used  no-unused-vars
    1:8   warning  'm' is assigned a value but never used  no-unused-vars
    1:11  warning  'z' is assigned a value but never used  no-unused-vars
    1:14  warning  'y' is assigned a value but never used  no-unused-vars
    1:17  warning  'w' is assigned a value but never used  no-unused-vars
    3:10  warning  'varinit' is defined but never used     no-unused-vars
    5:3   warning  '$' is not defined                      no-undef
    9:3   warning  '$' is not defined                      no-undef
   13:3   warning  '$' is not defined                      no-undef
   17:3   warning  '$' is not defined                      no-undef
   21:3   warning  '$' is not defined                      no-undef
   25:3   warning  '$' is not defined                      no-undef
   36:3   warning  '$' is not defined                      no-undef
   37:3   warning  '$' is not defined                      no-undef
   39:3   warning  '$' is not defined                      no-undef
   40:3   warning  '$' is not defined                      no-undef
   42:3   warning  '$' is not defined                      no-undef
   43:3   warning  '$' is not defined                      no-undef
   46:3   warning  '$' is not defined                      no-undef
   48:3   warning  '$' is not defined                      no-undef
   49:3   warning  '$' is not defined                      no-undef
   56:3   warning  '$' is not defined                      no-undef
   57:3   warning  '$' is not defined                      no-undef
   60:3   warning  '$' is not defined                      no-undef
   61:5   warning  '$' is not defined                      no-undef
   62:5   warning  'ptx' is not defined                    no-undef
   63:5   warning  'pty' is not defined                    no-undef
   65:3   warning  '$' is not defined                      no-undef
   66:5   warning  '$' is not defined                      no-undef
   67:5   warning  'ptx' is not defined                    no-undef
   68:5   warning  'pty' is not defined                    no-undef
   70:3   warning  '$' is not defined                      no-undef
   75:3   warning  '$' is not defined                      no-undef
   76:3   warning  '$' is not defined                      no-undef
   79:3   warning  '$' is not defined                      no-undef
   80:5   warning  '$' is not defined                      no-undef
   81:5   warning  'ptx' is not defined                    no-undef
   82:5   warning  'pty' is not defined                    no-undef
   84:3   warning  '$' is not defined                      no-undef
   85:5   warning  '$' is not defined                      no-undef
   86:5   warning  'ptx' is not defined                    no-undef
   87:5   warning  'pty' is not defined                    no-undef
   89:3   warning  '$' is not defined                      no-undef
   94:3   warning  '$' is not defined                      no-undef
   95:3   warning  '$' is not defined                      no-undef
   98:3   warning  '$' is not defined                      no-undef
   99:5   warning  '$' is not defined                      no-undef
  100:5   warning  'ptx' is not defined                    no-undef
  101:5   warning  'pty' is not defined                    no-undef
  103:3   warning  '$' is not defined                      no-undef
  104:5   warning  '$' is not defined                      no-undef
  105:5   warning  'ptx' is not defined                    no-undef
  106:5   warning  'pty' is not defined                    no-undef
  108:3   warning  '$' is not defined                      no-undef
  113:3   warning  '$' is not defined                      no-undef
  114:3   warning  '$' is not defined                      no-undef
  117:3   warning  '$' is not defined                      no-undef
  118:5   warning  '$' is not defined                      no-undef
  119:5   warning  'ptx' is not defined                    no-undef
  120:5   warning  'pty' is not defined                    no-undef
  122:3   warning  '$' is not defined                      no-undef
  123:5   warning  '$' is not defined                      no-undef
  124:5   warning  'ptx' is not defined                    no-undef
  125:5   warning  'pty' is not defined                    no-undef
  127:3   warning  '$' is not defined                      no-undef
  132:3   warning  '$' is not defined                      no-undef
  133:3   warning  '$' is not defined                      no-undef
  136:3   warning  '$' is not defined                      no-undef
  137:5   warning  '$' is not defined                      no-undef
  138:5   warning  'ptx' is not defined                    no-undef
  139:5   warning  'pty' is not defined                    no-undef
  141:3   warning  '$' is not defined                      no-undef
  142:5   warning  '$' is not defined                      no-undef
  143:5   warning  'ptx' is not defined                    no-undef
  144:5   warning  'pty' is not defined                    no-undef
  147:3   warning  '$' is not defined                      no-undef
  158:17  warning  '$' is not defined                      no-undef
  161:5   warning  '$' is not defined                      no-undef
  165:3   warning  '$' is not defined                      no-undef
  167:5   warning  '$' is not defined                      no-undef
  169:3   warning  '$' is not defined                      no-undef
  169:36  warning  '$' is not defined                      no-undef
  170:3   warning  '$' is not defined                      no-undef
  170:39  warning  '$' is not defined                      no-undef
  171:3   warning  '$' is not defined                      no-undef
  173:5   warning  '$' is not defined                      no-undef
  175:3   warning  '$' is not defined                      no-undef
  177:5   warning  '$' is not defined                      no-undef
  179:7   warning  '$' is not defined                      no-undef
  180:7   warning  '$' is not defined                      no-undef
  181:7   warning  '$' is not defined                      no-undef
  182:7   warning  '$' is not defined                      no-undef
  183:7   warning  '$' is not defined                      no-undef

/home/runner/work/exp-rotating-unbalance-nitk/exp-rotating-unbalance-nitk/experiment/simulation/js/sketch.js
    2:5   warning  'width' is assigned a value but never used           no-unused-vars
    3:5   warning  'height' is assigned a value but never used          no-unused-vars
    7:5   warning  't' is assigned a value but never used               no-unused-vars
    8:5   warning  'dt' is assigned a value but never used              no-unused-vars
   11:5   warning  'spring1' is assigned a value but never used         no-unused-vars
   14:5   warning  'position_graph' is assigned a value but never used  no-unused-vars
   15:5   warning  'force_graph' is defined but never used              no-unused-vars
   20:5   warning  'slider_force' is defined but never used             no-unused-vars
   21:5   warning  'slider_ang_freq' is defined but never used          no-unused-vars
   27:5   warning  'factor' is assigned a value but never used          no-unused-vars
   30:5   warning  'img' is defined but never used                      no-unused-vars
   31:5   warning  'button1' is defined but never used                  no-unused-vars
   32:5   warning  'button2' is defined but never used                  no-unused-vars
   33:5   warning  'spr' is assigned a value but never used             no-unused-vars
   39:5   warning  'graphStep' is assigned a value but never used       no-unused-vars
   42:5   warning  'touch' is assigned a value but never used           no-unused-vars
   45:5   warning  'clear' is defined but never used                    no-unused-vars
   47:5   warning  'clear1' is assigned a value but never used          no-unused-vars
   49:10  warning  'preload' is defined but never used                  no-unused-vars
   51:11  warning  'loadImage' is not defined                           no-undef
   54:10  warning  'setup' is defined but never used                    no-unused-vars
   57:23  warning  'createCanvas' is not defined                        no-undef
   59:19  warning  'System' is not defined                              no-undef
   61:26  warning  'Graph' is not defined                               no-undef
   63:18  warning  'DynamicGraph' is not defined                        no-undef
   63:96  warning  'System' is not defined                              no-undef
   64:20  warning  'DynamicGraph' is not defined                        no-undef
   64:89  warning  'System' is not defined                              no-undef
   67:5   warning  'varinit' is not defined                             no-undef
   68:5   warning  'k' is not defined                                   no-undef
   68:9   warning  '$' is not defined                                   no-undef
   69:5   warning  'm' is not defined                                   no-undef
   69:9   warning  '$' is not defined                                   no-undef
   70:5   warning  'z' is not defined                                   no-undef
   70:9   warning  '$' is not defined                                   no-undef
   71:5   warning  'y' is not defined                                   no-undef
   71:9   warning  '$' is not defined                                   no-undef
   72:5   warning  'w' is not defined                                   no-undef
   72:9   warning  '$' is not defined                                   no-undef
   77:10  warning  'draw' is defined but never used                     no-unused-vars
   79:9   warning  'runPage1' is not defined                            no-undef
   83:9   warning  'runPage2' is not defined                            no-undef
   90:10  warning  'simstate' is defined but never used                 no-unused-vars
   92:5   warning  'imgfilename' is assigned a value but never used     no-unused-vars
   98:7   warning  'noLoop' is not defined                              no-undef
  103:7   warning  'loop' is not defined                                no-undef
  109:12  warning  'graphPlot' is defined but never used                no-unused-vars
  120:12  warning  'screenchangePhase' is defined but never used        no-unused-vars
  126:12  warning  'screenchangeMag' is defined but never used          no-unused-vars
  134:12  warning  'screenChangePrevious' is defined but never used     no-unused-vars
  152:5   warning  'resetGraphs' is not defined                         no-undef
  162:5   warning  'resetGraphs' is not defined                         no-undef

/home/runner/work/exp-rotating-unbalance-nitk/exp-rotating-unbalance-nitk/experiment/simulation/js/system.js
   1:7   warning  'System' is defined but never used  no-unused-vars
  30:19  warning  'atan' is not defined               no-undef
  40:9   warning  'push' is not defined               no-undef
  42:19  warning  'spr' is not defined                no-undef
  43:19  warning  'spr' is not defined                no-undef
  46:9   warning  'image' is not defined              no-undef
  46:15  warning  'spr' is not defined                no-undef
  48:9   warning  'rect' is not defined               no-undef
  50:9   warning  'strokeWeight' is not defined       no-undef
  51:9   warning  'stroke' is not defined             no-undef
  52:9   warning  'line' is not defined               no-undef
  53:9   warning  'line' is not defined               no-undef
  54:9   warning  'line' is not defined               no-undef
  55:9   warning  'line' is not defined               no-undef
  56:9   warning  'line' is not defined               no-undef
  58:9   warning  'line' is not defined               no-undef
  59:9   warning  'line' is not defined               no-undef
  60:9   warning  'line' is not defined               no-undef
  62:9   warning  'rect' is not defined               no-undef
  63:9   warning  'stroke' is not defined             no-undef
  64:9   warning  'strokeWeight' is not defined       no-undef
  65:9   warning  'fill' is not defined               no-undef
  66:9   warning  'rectMode' is not defined           no-undef
  66:18  warning  'CENTER' is not defined             no-undef
  67:9   warning  'rect' is not defined               no-undef
  68:9   warning  'fill' is not defined               no-undef
  69:9   warning  'ellipse' is not defined            no-undef
  76:9   warning  'fill' is not defined               no-undef
  78:9   warning  'ellipse' is not defined            no-undef
  80:9   warning  'pop' is not defined                no-undef

 977 problems (0 errors, 977 warnings)
  0 errors and 2 warnings potentially fixable with the `--fix` option.

